2024-06-27T06:18:17.737Z [[32minfo[39m]: User signed in successfully: johndoeSeller
2024-06-27T06:18:26.900Z [[32minfo[39m]: User signed in successfully: johndoeSeller
2024-06-27T06:18:31.086Z [[31merror[39m]: Signup error: All fields are required
2024-06-27T06:18:42.592Z [[31merror[39m]: Signup error: All fields are required
2024-06-27T06:20:12.617Z [[32minfo[39m]: User registered successfully: johndoeSeller3
2024-06-27T07:01:23.908Z [[32minfo[39m]: User signed in successfully: johndoeSeller
2024-06-27T07:01:50.368Z [[32minfo[39m]: Product created: Sample Product 34
2024-06-27T07:01:50.369Z [[32minfo[39m]: Product created successfully: Sample Product 34
2024-06-27T07:02:18.026Z [[32minfo[39m]: Fetched all products
2024-06-27T07:02:18.027Z [[32minfo[39m]: All products fetched successfully
2024-06-27T07:02:37.366Z [[32minfo[39m]: Added product to cart: 667b9f8afd3931fce4646082, Quantity: 2, User: 667a47c87e7b351ec5fc3446
2024-06-27T07:02:37.367Z [[32minfo[39m]: Item added to cart: Product ID 667b9f8afd3931fce4646082, Quantity 2, User ID 667a47c87e7b351ec5fc3446
2024-06-27T07:02:54.803Z [[32minfo[39m]: Checkout initiated for user ID 667a47c87e7b351ec5fc3446
2024-06-27T07:02:55.021Z [[32minfo[39m]: Order created successfully for user ID 667a47c87e7b351ec5fc3446: Order ID 667d0e9e714d7f7c32ac6e4b
2024-06-27T07:02:55.022Z [[32minfo[39m]: Order created successfully for user ID 667a47c87e7b351ec5fc3446: Order ID 667d0e9e714d7f7c32ac6e4b
2024-06-27T07:02:58.351Z [[32minfo[39m]: Payment processed successfully for PayPal: Order ID 667d0e9e714d7f7c32ac6e4b
2024-06-27T07:02:58.811Z [[32minfo[39m]: Order confirmation sent for order: Order ID 667d0e9e714d7f7c32ac6e4b
2024-06-27T07:02:58.813Z [[32minfo[39m]: Confirmation sent for order: Order ID 667d0e9e714d7f7c32ac6e4b
2024-06-27T07:50:39.038Z [[32minfo[39m]: User signed in successfully: johndoeSeller
2024-06-27T07:52:31.863Z [[31merror[39m]: Error searching products: Product is not defined
2024-06-27T07:53:05.059Z [[32minfo[39m]: Fetched all products
2024-06-27T07:53:05.062Z [[32minfo[39m]: All products fetched successfully
2024-06-27T08:01:05.714Z [[31merror[39m]: Error searching products: Operation `products.find()` buffering timed out after 10000ms
2024-06-27T08:04:02.073Z [[31merror[39m]: Error searching products: Operation `products.find()` buffering timed out after 10000ms
2024-06-27T08:04:45.356Z [[31merror[39m]: Update product service error: Operation `products.findOneAndUpdate()` buffering timed out after 10000ms
2024-06-27T08:04:45.358Z [[31merror[39m]: Update product error: Operation `products.findOneAndUpdate()` buffering timed out after 10000ms
2024-06-27T08:04:58.063Z [[32minfo[39m]: Updated product: 667b9f8afd3931fce4646082
2024-06-27T08:04:58.068Z [[32minfo[39m]: Product updated successfully: Updated Sample Product
2024-06-27T08:05:06.968Z [[32minfo[39m]: Products searched successfully with query: {"category":"Tape"}
