2024-06-27T06:18:31.086Z [[31merror[39m]: Signup error: All fields are required
2024-06-27T06:18:42.592Z [[31merror[39m]: Signup error: All fields are required
2024-06-27T07:52:31.863Z [[31merror[39m]: Error searching products: Product is not defined
2024-06-27T08:01:05.714Z [[31merror[39m]: Error searching products: Operation `products.find()` buffering timed out after 10000ms
2024-06-27T08:04:02.073Z [[31merror[39m]: Error searching products: Operation `products.find()` buffering timed out after 10000ms
2024-06-27T08:04:45.356Z [[31merror[39m]: Update product service error: Operation `products.findOneAndUpdate()` buffering timed out after 10000ms
2024-06-27T08:04:45.358Z [[31merror[39m]: Update product error: Operation `products.findOneAndUpdate()` buffering timed out after 10000ms
2024-06-28T07:23:19.895Z [[31merror[39m]: Add to cart service error: Variation not found for product with color Green and size Large
2024-06-28T07:23:19.898Z [[31merror[39m]: Failed to add item to cart: Variation not found for product with color Green and size Large
2024-06-28T07:23:32.508Z [[31merror[39m]: Add to cart service error: Variation not found for product with color Green and size Large
2024-06-28T07:23:32.511Z [[31merror[39m]: Failed to add item to cart: Variation not found for product with color Green and size Large
2024-06-28T08:13:05.379Z [[31merror[39m]: Error exporting users: path is not defined
2024-06-28T08:13:30.972Z [[31merror[39m]: Error exporting users: fs is not defined
2024-06-28T08:13:46.796Z [[31merror[39m]: Error exporting users: ENOENT: no such file or directory, open 'D:\ByteBolt\ByteMart\exports\users.csv'
2024-07-01T08:04:09.801Z [[31merror[39m]: Error sending email: Can't send mail - all recipients were rejected: 501 5.1.5 Recipient address reserved by RFC 2606
2024-07-01T08:04:09.810Z [[31merror[39m]: Signup error: Can't send mail - all recipients were rejected: 501 5.1.5 Recipient address reserved by RFC 2606
2024-07-01T08:05:23.378Z [[31merror[39m]: Signup error: Username or email already exists
2024-07-01T08:08:53.143Z [[31merror[39m]: Signup error: Username or email already exists
2024-07-01T08:11:56.484Z [[31merror[39m]: Error sending email: 244C0000:error:0A00010B:SSL routines:ssl3_get_record:wrong version number:c:\ws\deps\openssl\openssl\ssl\record\ssl3_record.c:355:

2024-07-01T08:11:56.488Z [[31merror[39m]: Signup error: 244C0000:error:0A00010B:SSL routines:ssl3_get_record:wrong version number:c:\ws\deps\openssl\openssl\ssl\record\ssl3_record.c:355:

2024-07-01T08:22:06.517Z [[31merror[39m]: Error sending email: Invalid greeting. response=* OK The Microsoft Exchange IMAP4 service is ready. [RABYADAAUAAyADcAMwBDAEEAMAAwADcAOQAuAEEAUgBFAFAAMgA3ADMALgBQAFIATwBEAC4ATwBVAFQATABPAE8ASwAuAEMATwBNAA==]: * OK The Microsoft Exchange IMAP4 service is ready. [RABYADAAUAAyADcAMwBDAEEAMAAwADcAOQAuAEEAUgBFAFAAMgA3ADMALgBQAFIATwBEAC4ATwBVAFQATABPAE8ASwAuAEMATwBNAA==]
2024-07-01T08:22:06.525Z [[31merror[39m]: Signup error: Invalid greeting. response=* OK The Microsoft Exchange IMAP4 service is ready. [RABYADAAUAAyADcAMwBDAEEAMAAwADcAOQAuAEEAUgBFAFAAMgA3ADMALgBQAFIATwBEAC4ATwBVAFQATABPAE8ASwAuAEMATwBNAA==]: * OK The Microsoft Exchange IMAP4 service is ready. [RABYADAAUAAyADcAMwBDAEEAMAAwADcAOQAuAEEAUgBFAFAAMgA3ADMALgBQAFIATwBEAC4ATwBVAFQATABPAE8ASwAuAEMATwBNAA==]
2024-07-01T08:25:53.239Z [[31merror[39m]: Signup error: Username or email already exists
2024-07-01T09:00:44.175Z [[31merror[39m]: Signup error: Username or email already exists
2024-07-01T09:00:59.413Z [[31merror[39m]: Error sending email: Invalid login: 535 5.7.139 Authentication unsuccessful, the user credentials were incorrect. [DX0P273CA0003.AREP273.PROD.OUTLOOK.COM 2024-07-01T09:00:58.834Z 08DC98529261104F]
2024-07-01T09:00:59.416Z [[31merror[39m]: Signup error: Invalid login: 535 5.7.139 Authentication unsuccessful, the user credentials were incorrect. [DX0P273CA0003.AREP273.PROD.OUTLOOK.COM 2024-07-01T09:00:58.834Z 08DC98529261104F]
2024-07-01T09:01:44.810Z [[31merror[39m]: Signup error: Username or email already exists
2024-07-01T09:12:01.873Z [[31merror[39m]: Signup error: Username or email already exists
2024-07-01T09:29:46.498Z [[31merror[39m]: Signup error: Username or email already exists
2024-07-01T09:51:09.721Z [[31merror[39m]: Signin error: Invalid credentials
2024-07-02T04:05:01.352Z [[31merror[39m]: Bulk import error: Expected property name or '}' in JSON at position 2
